<?xml version="1.0" encoding="UTF-8"?>
<testsuite name="org.apache.beam.learning.katas.coretransforms.partition.TaskTest" tests="1" skipped="0" failures="0" errors="0" timestamp="2021-03-29T13:19:59" hostname="amit-Inspiron-15-3567" time="1.92">
  <properties/>
  <testcase name="groupByKey" classname="org.apache.beam.learning.katas.coretransforms.partition.TaskTest" time="1.92"/>
  <system-out><![CDATA[]]></system-out>
  <system-err><![CDATA[]]></system-err>
</testsuite>
