<?xml version="1.0" encoding="UTF-8"?>
<testsuite name="org.apache.beam.learning.katas.commontransforms.aggregation.sum.TaskTest" tests="1" skipped="0" failures="0" errors="0" timestamp="2021-03-29T19:53:09" hostname="amit-Inspiron-15-3567" time="2.137">
  <properties/>
  <testcase name="sum" classname="org.apache.beam.learning.katas.commontransforms.aggregation.sum.TaskTest" time="2.137"/>
  <system-out><![CDATA[]]></system-out>
  <system-err><![CDATA[]]></system-err>
</testsuite>
