<?xml version="1.0" encoding="UTF-8"?>
<testsuite name="org.apache.beam.learning.katas.windowing.fixedwindow.TaskTest" tests="1" skipped="0" failures="0" errors="0" timestamp="2021-05-15T18:06:22" hostname="amit-Inspiron-15-3567" time="2.236">
  <properties/>
  <testcase name="fixedWindow" classname="org.apache.beam.learning.katas.windowing.fixedwindow.TaskTest" time="2.236"/>
  <system-out><![CDATA[]]></system-out>
  <system-err><![CDATA[]]></system-err>
</testsuite>
