<?xml version="1.0" encoding="UTF-8"?>
<testsuite name="org.apache.beam.learning.katas.coretransforms.groupbykey.TaskTest" tests="1" skipped="0" failures="0" errors="0" timestamp="2021-03-28T18:35:50" hostname="amit-Inspiron-15-3567" time="1.79">
  <properties/>
  <testcase name="groupByKey" classname="org.apache.beam.learning.katas.coretransforms.groupbykey.TaskTest" time="1.79"/>
  <system-out><![CDATA[]]></system-out>
  <system-err><![CDATA[]]></system-err>
</testsuite>
