<?xml version="1.0" encoding="UTF-8"?>
<testsuite name="org.apache.beam.learning.katas.commontransforms.aggregation.mean.TaskTest" tests="1" skipped="0" failures="0" errors="0" timestamp="2021-03-29T19:54:36" hostname="amit-Inspiron-15-3567" time="2.4">
  <properties/>
  <testcase name="mean" classname="org.apache.beam.learning.katas.commontransforms.aggregation.mean.TaskTest" time="2.4"/>
  <system-out><![CDATA[]]></system-out>
  <system-err><![CDATA[]]></system-err>
</testsuite>
