<?xml version="1.0" encoding="UTF-8"?>
<testsuite name="org.apache.beam.learning.katas.coretransforms.cogroupbykey.TaskTest" tests="1" skipped="0" failures="0" errors="0" timestamp="2021-03-28T21:21:16" hostname="amit-Inspiron-15-3567" time="1.966">
  <properties/>
  <testcase name="coGroupByKey" classname="org.apache.beam.learning.katas.coretransforms.cogroupbykey.TaskTest" time="1.966"/>
  <system-out><![CDATA[]]></system-out>
  <system-err><![CDATA[]]></system-err>
</testsuite>
