<?xml version="1.0" encoding="UTF-8"?>
<testsuite name="org.apache.beam.learning.katas.commontransforms.aggregation.count.TaskTest" tests="1" skipped="0" failures="0" errors="0" timestamp="2021-03-29T19:52:22" hostname="amit-Inspiron-15-3567" time="2.204">
  <properties/>
  <testcase name="count" classname="org.apache.beam.learning.katas.commontransforms.aggregation.count.TaskTest" time="2.204"/>
  <system-out><![CDATA[]]></system-out>
  <system-err><![CDATA[]]></system-err>
</testsuite>
