<?xml version="1.0" encoding="UTF-8"?>
<testsuite name="org.apache.beam.learning.katas.coretransforms.combine.binarycombinefnlambda.TaskTest" tests="1" skipped="0" failures="0" errors="0" timestamp="2021-03-29T11:37:28" hostname="amit-Inspiron-15-3567" time="2.598">
  <properties/>
  <testcase name="combine_binaryCombineFn_lambda" classname="org.apache.beam.learning.katas.coretransforms.combine.binarycombinefnlambda.TaskTest" time="2.598"/>
  <system-out><![CDATA[]]></system-out>
  <system-err><![CDATA[]]></system-err>
</testsuite>
