<?xml version="1.0" encoding="UTF-8"?>
<testsuite name="org.apache.beam.learning.katas.intro.hello.TaskTest" tests="1" skipped="0" failures="0" errors="0" timestamp="2021-03-28T18:06:37" hostname="amit-Inspiron-15-3567" time="1.963">
  <properties/>
  <testcase name="helloWorld" classname="org.apache.beam.learning.katas.intro.hello.TaskTest" time="1.963"/>
  <system-out><![CDATA[]]></system-out>
  <system-err><![CDATA[]]></system-err>
</testsuite>
