<?xml version="1.0" encoding="UTF-8"?>
<testsuite name="org.apache.beam.learning.katas.windowing.addingtimestamp.pardo.TaskTest" tests="1" skipped="0" failures="0" errors="0" timestamp="2021-05-15T17:55:30" hostname="amit-Inspiron-15-3567" time="3.014">
  <properties/>
  <testcase name="windowing_addingTimeStamp_parDo" classname="org.apache.beam.learning.katas.windowing.addingtimestamp.pardo.TaskTest" time="3.014"/>
  <system-out><![CDATA[]]></system-out>
  <system-err><![CDATA[]]></system-err>
</testsuite>
