<?xml version="1.0" encoding="UTF-8"?>
<testsuite name="org.apache.beam.learning.katas.coretransforms.combine.simple.TaskTest" tests="1" skipped="0" failures="0" errors="0" timestamp="2021-03-28T21:27:11" hostname="amit-Inspiron-15-3567" time="2.073">
  <properties/>
  <testcase name="combine_simpleFn" classname="org.apache.beam.learning.katas.coretransforms.combine.simple.TaskTest" time="2.073"/>
  <system-out><![CDATA[]]></system-out>
  <system-err><![CDATA[]]></system-err>
</testsuite>
