<?xml version="1.0" encoding="UTF-8"?>
<testsuite name="org.apache.beam.learning.katas.coretransforms.sideinput.TaskTest" tests="1" skipped="0" failures="0" errors="0" timestamp="2021-03-29T13:35:59" hostname="amit-Inspiron-15-3567" time="2.366">
  <properties/>
  <testcase name="sideInput" classname="org.apache.beam.learning.katas.coretransforms.sideinput.TaskTest" time="2.366"/>
  <system-out><![CDATA[]]></system-out>
  <system-err><![CDATA[]]></system-err>
</testsuite>
