<?xml version="1.0" encoding="UTF-8"?>
<testsuite name="org.apache.beam.learning.katas.triggers.eventtimetriggers.TaskTest" tests="1" skipped="0" failures="0" errors="0" timestamp="2021-05-15T18:38:22" hostname="amit-Inspiron-15-3567" time="4.992">
  <properties/>
  <testcase name="eventTimeTrigger" classname="org.apache.beam.learning.katas.triggers.eventtimetriggers.TaskTest" time="4.992"/>
  <system-out><![CDATA[]]></system-out>
  <system-err><![CDATA[]]></system-err>
</testsuite>
