<?xml version="1.0" encoding="UTF-8"?>
<testsuite name="org.apache.beam.learning.katas.coretransforms.map.flatmapelements.TaskTest" tests="1" skipped="0" failures="0" errors="0" timestamp="2021-03-28T18:23:03" hostname="amit-Inspiron-15-3567" time="2.017">
  <properties/>
  <testcase name="flatMapElements" classname="org.apache.beam.learning.katas.coretransforms.map.flatmapelements.TaskTest" time="2.017"/>
  <system-out><![CDATA[]]></system-out>
  <system-err><![CDATA[]]></system-err>
</testsuite>
