<?xml version="1.0" encoding="UTF-8"?>
<testsuite name="org.apache.beam.learning.katas.coretransforms.map.mapelements.TaskTest" tests="1" skipped="0" failures="0" errors="0" timestamp="2021-03-28T18:20:42" hostname="amit-Inspiron-15-3567" time="1.794">
  <properties/>
  <testcase name="mapElements" classname="org.apache.beam.learning.katas.coretransforms.map.mapelements.TaskTest" time="1.794"/>
  <system-out><![CDATA[]]></system-out>
  <system-err><![CDATA[]]></system-err>
</testsuite>
