<?xml version="1.0" encoding="UTF-8"?>
<testsuite name="org.apache.beam.learning.katas.coretransforms.map.pardoonetomany.TaskTest" tests="1" skipped="0" failures="0" errors="0" timestamp="2021-03-28T18:18:54" hostname="amit-Inspiron-15-3567" time="1.944">
  <properties/>
  <testcase name="parDo_oneToMany" classname="org.apache.beam.learning.katas.coretransforms.map.pardoonetomany.TaskTest" time="1.944"/>
  <system-out><![CDATA[]]></system-out>
  <system-err><![CDATA[]]></system-err>
</testsuite>
