<?xml version="1.0" encoding="UTF-8"?>
<testsuite name="org.apache.beam.learning.katas.commontransforms.aggregation.min.TaskTest" tests="1" skipped="0" failures="0" errors="0" timestamp="2021-03-29T19:55:05" hostname="amit-Inspiron-15-3567" time="2.198">
  <properties/>
  <testcase name="min" classname="org.apache.beam.learning.katas.commontransforms.aggregation.min.TaskTest" time="2.198"/>
  <system-out><![CDATA[]]></system-out>
  <system-err><![CDATA[]]></system-err>
</testsuite>
