<?xml version="1.0" encoding="UTF-8"?>
<testsuite name="org.apache.beam.learning.katas.coretransforms.flatten.TaskTest" tests="1" skipped="0" failures="0" errors="0" timestamp="2021-03-29T12:03:32" hostname="amit-Inspiron-15-3567" time="2.431">
  <properties/>
  <testcase name="flatten" classname="org.apache.beam.learning.katas.coretransforms.flatten.TaskTest" time="2.431"/>
  <system-out><![CDATA[]]></system-out>
  <system-err><![CDATA[]]></system-err>
</testsuite>
