<?xml version="1.0" encoding="UTF-8"?>
<testsuite name="org.apache.beam.learning.katas.coretransforms.combine.combineperkey.TaskTest" tests="1" skipped="0" failures="0" errors="0" timestamp="2021-03-29T12:00:38" hostname="amit-Inspiron-15-3567" time="1.787">
  <properties/>
  <testcase name="combine_combineFn" classname="org.apache.beam.learning.katas.coretransforms.combine.combineperkey.TaskTest" time="1.787"/>
  <system-out><![CDATA[]]></system-out>
  <system-err><![CDATA[]]></system-err>
</testsuite>
