<?xml version="1.0" encoding="UTF-8"?>
<testsuite name="org.apache.beam.learning.katas.coretransforms.branching.TaskTest" tests="1" skipped="0" failures="0" errors="0" timestamp="2021-03-29T18:38:41" hostname="amit-Inspiron-15-3567" time="1.983">
  <properties/>
  <testcase name="branching" classname="org.apache.beam.learning.katas.coretransforms.branching.TaskTest" time="1.983"/>
  <system-out><![CDATA[]]></system-out>
  <system-err><![CDATA[]]></system-err>
</testsuite>
