<?xml version="1.0" encoding="UTF-8"?>
<testsuite name="org.apache.beam.learning.katas.coretransforms.combine.binarycombinefn.TaskTest" tests="1" skipped="0" failures="0" errors="0" timestamp="2021-03-29T11:35:17" hostname="amit-Inspiron-15-3567" time="2.826">
  <properties/>
  <testcase name="combine_binaryCombineFn" classname="org.apache.beam.learning.katas.coretransforms.combine.binarycombinefn.TaskTest" time="2.826"/>
  <system-out><![CDATA[]]></system-out>
  <system-err><![CDATA[]]></system-err>
</testsuite>
